<?xml version="1.0" encoding="UTF-8"?>
<!-- Generated by org.testng.reporters.JUnitXMLReporter -->
<testsuite hostname="Omers-MacBook-Pro.local" ignored="0" name="Default test" tests="3" failures="0" timestamp="2020-11-02T13:12:22 EST" time="7.02" errors="0">
  <testcase name="vetifyPageTitle" time="0.01" classname="com.qa.darksky.tests.HomePageTest"/>
  <testcase name="verifyTemps" time="0.56" classname="com.qa.darksky.tests.HomePageTest"/>
  <testcase name="verifyHighandLowTemp" time="0.042" classname="com.qa.darksky.tests.HomePageTest"/>
</testsuite> <!-- Default test -->
