<?xml version="1.0" encoding="UTF-8"?>
<testng-results skipped="0" failed="0" ignored="0" total="3" passed="3">
  <reporter-output>
  </reporter-output>
  <suite name="Default suite" duration-ms="7020" started-at="2020-11-02T13:12:15 EST" finished-at="2020-11-02T13:12:22 EST">
    <groups>
    </groups>
    <test name="Default test" duration-ms="7020" started-at="2020-11-02T13:12:15 EST" finished-at="2020-11-02T13:12:22 EST">
      <class name="com.qa.darksky.tests.HomePageTest">
        <test-method status="PASS" signature="setUp()[pri:0, instance:com.qa.darksky.tests.HomePageTest@4f063c0a]" name="setUp" is-config="true" duration-ms="2325" started-at="2020-11-02T13:12:15 EST" finished-at="2020-11-02T13:12:17 EST">
          <reporter-output>
          </reporter-output>
        </test-method> <!-- setUp -->
        <test-method status="PASS" signature="vetifyPageTitle()[pri:1, instance:com.qa.darksky.tests.HomePageTest@4f063c0a]" name="vetifyPageTitle" duration-ms="10" started-at="2020-11-02T13:12:17 EST" description="verify home page title" finished-at="2020-11-02T13:12:17 EST">
          <reporter-output>
          </reporter-output>
        </test-method> <!-- vetifyPageTitle -->
        <test-method status="PASS" signature="tearDown()[pri:0, instance:com.qa.darksky.tests.HomePageTest@4f063c0a]" name="tearDown" is-config="true" duration-ms="81" started-at="2020-11-02T13:12:17 EST" finished-at="2020-11-02T13:12:17 EST">
          <reporter-output>
          </reporter-output>
        </test-method> <!-- tearDown -->
        <test-method status="PASS" signature="setUp()[pri:0, instance:com.qa.darksky.tests.HomePageTest@4f063c0a]" name="setUp" is-config="true" duration-ms="1794" started-at="2020-11-02T13:12:17 EST" finished-at="2020-11-02T13:12:19 EST">
          <reporter-output>
          </reporter-output>
        </test-method> <!-- setUp -->
        <test-method status="PASS" signature="verifyTemps()[pri:2, instance:com.qa.darksky.tests.HomePageTest@4f063c0a]" name="verifyTemps" duration-ms="560" started-at="2020-11-02T13:12:19 EST" description="get highest and lowest temperature" finished-at="2020-11-02T13:12:20 EST">
          <reporter-output>
          </reporter-output>
        </test-method> <!-- verifyTemps -->
        <test-method status="PASS" signature="tearDown()[pri:0, instance:com.qa.darksky.tests.HomePageTest@4f063c0a]" name="tearDown" is-config="true" duration-ms="91" started-at="2020-11-02T13:12:20 EST" finished-at="2020-11-02T13:12:20 EST">
          <reporter-output>
          </reporter-output>
        </test-method> <!-- tearDown -->
        <test-method status="PASS" signature="setUp()[pri:0, instance:com.qa.darksky.tests.HomePageTest@4f063c0a]" name="setUp" is-config="true" duration-ms="2003" started-at="2020-11-02T13:12:20 EST" finished-at="2020-11-02T13:12:22 EST">
          <reporter-output>
          </reporter-output>
        </test-method> <!-- setUp -->
        <test-method status="PASS" signature="verifyHighandLowTemp()[pri:3, instance:com.qa.darksky.tests.HomePageTest@4f063c0a]" name="verifyHighandLowTemp" duration-ms="42" started-at="2020-11-02T13:12:22 EST" description="verify highest and lowest temperature" finished-at="2020-11-02T13:12:22 EST">
          <reporter-output>
          </reporter-output>
        </test-method> <!-- verifyHighandLowTemp -->
        <test-method status="PASS" signature="tearDown()[pri:0, instance:com.qa.darksky.tests.HomePageTest@4f063c0a]" name="tearDown" is-config="true" duration-ms="82" started-at="2020-11-02T13:12:22 EST" finished-at="2020-11-02T13:12:22 EST">
          <reporter-output>
          </reporter-output>
        </test-method> <!-- tearDown -->
      </class> <!-- com.qa.darksky.tests.HomePageTest -->
    </test> <!-- Default test -->
  </suite> <!-- Default suite -->
</testng-results>
